client/modules/step-tracker/android/build/intermediates/manifest_merge_blame_file/release/processReleaseManifest/manifest-merger-blame-release-report.txt
1<?xml version="1.0" encoding="utf-8"?>
2<manifest xmlns:android="http://schemas.android.com/apk/res/android"
3    package="expo.modules.steptracker" >
4
5    <uses-sdk android:minSdkVersion="24" />
6
7    <uses-permission android:name="android.permission.ACTIVITY_RECOGNITION" />
7-->src\main\AndroidManifest.xml:2:3-77
7-->src\main\AndroidManifest.xml:2:20-74
8    <uses-permission android:name="android.permission.FOREGROUND_SERVICE" />
8-->src\main\AndroidManifest.xml:3:3-75
8-->src\main\AndroidManifest.xml:3:20-72
9    <uses-permission android:name="android.permission.FOREGROUND_SERVICE_HEALTH" />
9-->src\main\AndroidManifest.xml:4:3-82
9-->src\main\AndroidManifest.xml:4:20-79
10    <uses-permission android:name="android.permission.POST_NOTIFICATIONS" />
10-->src\main\AndroidManifest.xml:5:3-75
10-->src\main\AndroidManifest.xml:5:20-72
11
12    <application>
12-->src\main\AndroidManifest.xml:7:3-13:17
13        <service
13-->src\main\AndroidManifest.xml:8:5-12:48
14            android:name="expo.modules.steptracker.StepTrackerService"
14-->src\main\AndroidManifest.xml:9:7-41
15            android:enabled="true"
15-->src\main\AndroidManifest.xml:10:7-29
16            android:exported="false"
16-->src\main\AndroidManifest.xml:11:7-31
17            android:foregroundServiceType="health" />
17-->src\main\AndroidManifest.xml:12:7-45
18    </application>
19
20</manifest>